app/build/intermediates/manifest_merge_blame_file/debug/manifest-merger-blame-debug-report.txt
1<?xml version="1.0" encoding="utf-8"?>
2<manifest xmlns:android="http://schemas.android.com/apk/res/android"
3    package="com.raj.ffscanner"
4    android:versionCode="7"
5    android:versionName="0.9.0" >
6
7    <uses-sdk
8        android:minSdkVersion="24"
9        android:targetSdkVersion="34" />
10
11    <uses-permission android:name="android.permission.INTERNET" />
11-->src/main/AndroidManifest.xml:4:5-66
11-->src/main/AndroidManifest.xml:4:22-64
12    <uses-permission android:name="android.permission.SYSTEM_ALERT_WINDOW" />
12-->src/main/AndroidManifest.xml:5:5-77
12-->src/main/AndroidManifest.xml:5:22-75
13    <uses-permission android:name="android.permission.FOREGROUND_SERVICE" />
13-->src/main/AndroidManifest.xml:6:5-76
13-->src/main/AndroidManifest.xml:6:22-74
14    <uses-permission android:name="android.permission.FOREGROUND_SERVICE_MEDIA_PROJECTION" />
14-->src/main/AndroidManifest.xml:7:5-93
14-->src/main/AndroidManifest.xml:7:22-91
15    <uses-permission android:name="android.permission.POST_NOTIFICATIONS" />
15-->src/main/AndroidManifest.xml:8:5-76
15-->src/main/AndroidManifest.xml:8:22-74
16
17    <application
17-->src/main/AndroidManifest.xml:10:5-50:19
18        android:allowBackup="true"
18-->src/main/AndroidManifest.xml:11:9-35
19        android:debuggable="true"
20        android:extractNativeLibs="false"
21        android:label="FF Scanner"
21-->src/main/AndroidManifest.xml:13:9-35
22        android:theme="@android:style/Theme.Material.Light.NoActionBar"
22-->src/main/AndroidManifest.xml:14:9-72
23        android:usesCleartextTraffic="true" >
23-->src/main/AndroidManifest.xml:12:9-44
24        <activity
24-->src/main/AndroidManifest.xml:16:9-25:20
25            android:name="com.raj.ffscanner.MainActivity"
25-->src/main/AndroidManifest.xml:17:13-41
26            android:exported="true" >
26-->src/main/AndroidManifest.xml:18:13-36
27            <intent-filter>
27-->src/main/AndroidManifest.xml:20:13-23:29
28                <action android:name="android.intent.action.MAIN" />
28-->src/main/AndroidManifest.xml:21:17-68
28-->src/main/AndroidManifest.xml:21:25-66
29
30                <category android:name="android.intent.category.LAUNCHER" />
30-->src/main/AndroidManifest.xml:22:17-76
30-->src/main/AndroidManifest.xml:22:27-74
31            </intent-filter>
32        </activity>
33
34        <service
34-->src/main/AndroidManifest.xml:27:9-30:62
35            android:name="com.raj.ffscanner.ScreenCaptureService"
35-->src/main/AndroidManifest.xml:28:13-49
36            android:exported="false"
36-->src/main/AndroidManifest.xml:29:13-37
37            android:foregroundServiceType="mediaProjection" />
37-->src/main/AndroidManifest.xml:30:13-60
38        <service
38-->src/main/AndroidManifest.xml:32:9-34:39
39            android:name="com.raj.ffscanner.OverlayService"
39-->src/main/AndroidManifest.xml:33:13-43
40            android:exported="false" />
40-->src/main/AndroidManifest.xml:34:13-37
41        <service
41-->src/main/AndroidManifest.xml:37:9-48:19
42            android:name="com.raj.ffscanner.AutoScrollAccessibilityService"
42-->src/main/AndroidManifest.xml:38:13-59
43            android:exported="true"
43-->src/main/AndroidManifest.xml:40:13-36
44            android:permission="android.permission.BIND_ACCESSIBILITY_SERVICE" >
44-->src/main/AndroidManifest.xml:39:13-79
45            <intent-filter>
45-->src/main/AndroidManifest.xml:41:13-43:29
46                <action android:name="android.accessibilityservice.AccessibilityService" />
46-->src/main/AndroidManifest.xml:42:17-92
46-->src/main/AndroidManifest.xml:42:25-89
47            </intent-filter>
48
49            <meta-data
49-->src/main/AndroidManifest.xml:45:13-47:69
50                android:name="android.accessibilityservice"
50-->src/main/AndroidManifest.xml:46:17-60
51                android:resource="@xml/auto_scroll_accessibility" />
51-->src/main/AndroidManifest.xml:47:17-66
52        </service>
53    </application>
54
55</manifest>